-I/home/uwe/git/ms/iot_core_tx8mmini/mu_platform_nxp/Silicon/ARM/NXP/iMX8Pkg/AcpiTables
-I/home/uwe/git/ms/iot_core_tx8mmini/mu_platform_nxp/KARO/TX8M_MINI_EVK_1GB/AcpiTables
-I/home/uwe/git/ms/iot_core_tx8mmini/mu_platform_nxp/Build/TX8M_MINI_EVK_1GB/RELEASE_GCC5/AARCH64/KARO/TX8M_MINI_EVK_1GB/AcpiTables/AcpiTables/DEBUG
-I/home/uwe/git/ms/iot_core_tx8mmini/mu_platform_nxp/Silicon/ARM/MU_TIANO/ArmPkg
-I/home/uwe/git/ms/iot_core_tx8mmini/mu_platform_nxp/Silicon/ARM/MU_TIANO/ArmPkg/Include
-I/home/uwe/git/ms/iot_core_tx8mmini/mu_platform_nxp/Silicon/ARM/MU_TIANO/ArmPlatformPkg
-I/home/uwe/git/ms/iot_core_tx8mmini/mu_platform_nxp/Silicon/ARM/MU_TIANO/ArmPlatformPkg/Include
-I/home/uwe/git/ms/iot_core_tx8mmini/mu_platform_nxp/Common/MU_TIANO/EmbeddedPkg
-I/home/uwe/git/ms/iot_core_tx8mmini/mu_platform_nxp/Common/MU_TIANO/EmbeddedPkg/Include
-I/home/uwe/git/ms/iot_core_tx8mmini/mu_platform_nxp/MU_BASECORE/MdePkg
-I/home/uwe/git/ms/iot_core_tx8mmini/mu_platform_nxp/MU_BASECORE/MdePkg/Include
-I/home/uwe/git/ms/iot_core_tx8mmini/mu_platform_nxp/MU_BASECORE/MdePkg/Include/AArch64
-I/home/uwe/git/ms/iot_core_tx8mmini/mu_platform_nxp/MU_BASECORE/MdeModulePkg
-I/home/uwe/git/ms/iot_core_tx8mmini/mu_platform_nxp/MU_BASECORE/MdeModulePkg/Include
-I/home/uwe/git/ms/iot_core_tx8mmini/mu_platform_nxp/Microsoft/OpteeClientPkg
-I/home/uwe/git/ms/iot_core_tx8mmini/mu_platform_nxp/Microsoft/OpteeClientPkg/Include
-I/home/uwe/git/ms/iot_core_tx8mmini/mu_platform_nxp/Microsoft/OpteeClientPkg/Include/Internal
-I/home/uwe/git/ms/iot_core_tx8mmini/mu_platform_nxp/Silicon/ARM/NXP/iMXPlatformPkg
-I/home/uwe/git/ms/iot_core_tx8mmini/mu_platform_nxp/Silicon/ARM/NXP/iMXPlatformPkg/Include
-I/home/uwe/git/ms/iot_core_tx8mmini/mu_platform_nxp/Silicon/ARM/NXP/iMX8Pkg
-I/home/uwe/git/ms/iot_core_tx8mmini/mu_platform_nxp/Silicon/ARM/NXP/iMX8Pkg/Include