/home/uwe/git/ms/iot_core_tx8mmini/mu_platform_nxp/Build/TX8M_MINI_EVK_1GB/RELEASE_GCC5/AARCH64/MdePkg/Library/DxePcdLib/DxePcdLib/OUTPUT/DxePcdLib.lib
/home/uwe/git/ms/iot_core_tx8mmini/mu_platform_nxp/Build/TX8M_MINI_EVK_1GB/RELEASE_GCC5/AARCH64/MdePkg/Library/BaseMemoryLibOptDxe/BaseMemoryLibOptDxe/OUTPUT/BaseMemoryLibOptDxe.lib
/home/uwe/git/ms/iot_core_tx8mmini/mu_platform_nxp/Build/TX8M_MINI_EVK_1GB/RELEASE_GCC5/AARCH64/MdePkg/Library/BaseLib/BaseLib/OUTPUT/BaseLib.lib
/home/uwe/git/ms/iot_core_tx8mmini/mu_platform_nxp/Build/TX8M_MINI_EVK_1GB/RELEASE_GCC5/AARCH64/ArmPkg/Library/ArmLib/ArmBaseLib/OUTPUT/ArmBaseLib.lib
/home/uwe/git/ms/iot_core_tx8mmini/mu_platform_nxp/Build/TX8M_MINI_EVK_1GB/RELEASE_GCC5/AARCH64/MdePkg/Library/BaseIoLibIntrinsic/BaseIoLibIntrinsic/OUTPUT/BaseIoLibIntrinsic.lib
/home/uwe/git/ms/iot_core_tx8mmini/mu_platform_nxp/Build/TX8M_MINI_EVK_1GB/RELEASE_GCC5/AARCH64/ArmPkg/Library/ArmCacheMaintenanceLib/ArmCacheMaintenanceLib/OUTPUT/ArmCacheMaintenanceLib.lib
/home/uwe/git/ms/iot_core_tx8mmini/mu_platform_nxp/Build/TX8M_MINI_EVK_1GB/RELEASE_GCC5/AARCH64/MdePkg/Library/BaseDebugPrintErrorLevelLib/BaseDebugPrintErrorLevelLib/OUTPUT/BaseDebugPrintErrorLevelLib.lib
/home/uwe/git/ms/iot_core_tx8mmini/mu_platform_nxp/Build/TX8M_MINI_EVK_1GB/RELEASE_GCC5/AARCH64/iMXPlatformPkg/Library/UartSerialPortLib/UartSerialPortLib/OUTPUT/SerialPortLib.lib
/home/uwe/git/ms/iot_core_tx8mmini/mu_platform_nxp/Build/TX8M_MINI_EVK_1GB/RELEASE_GCC5/AARCH64/MdePkg/Library/BasePrintLib/BasePrintLib/OUTPUT/BasePrintLib.lib
/home/uwe/git/ms/iot_core_tx8mmini/mu_platform_nxp/Build/TX8M_MINI_EVK_1GB/RELEASE_GCC5/AARCH64/MdePkg/Library/BaseDebugLibSerialPort/BaseDebugLibSerialPort/OUTPUT/BaseDebugLibSerialPort.lib
/home/uwe/git/ms/iot_core_tx8mmini/mu_platform_nxp/Build/TX8M_MINI_EVK_1GB/RELEASE_GCC5/AARCH64/ArmPkg/Library/ArmGenericTimerPhyCounterLib/ArmGenericTimerPhyCounterLib/OUTPUT/ArmGenericTimerPhyCounterLib.lib
/home/uwe/git/ms/iot_core_tx8mmini/mu_platform_nxp/Build/TX8M_MINI_EVK_1GB/RELEASE_GCC5/AARCH64/ArmPkg/Library/ArmArchTimerLib/ArmArchTimerLib/OUTPUT/ArmArchTimerLib.lib
/home/uwe/git/ms/iot_core_tx8mmini/mu_platform_nxp/Build/TX8M_MINI_EVK_1GB/RELEASE_GCC5/AARCH64/MdePkg/Library/UefiBootServicesTableLib/UefiBootServicesTableLib/OUTPUT/UefiBootServicesTableLib.lib
/home/uwe/git/ms/iot_core_tx8mmini/mu_platform_nxp/Build/TX8M_MINI_EVK_1GB/RELEASE_GCC5/AARCH64/MdePkg/Library/UefiMemoryAllocationLib/UefiMemoryAllocationLib/OUTPUT/UefiMemoryAllocationLib.lib
/home/uwe/git/ms/iot_core_tx8mmini/mu_platform_nxp/Build/TX8M_MINI_EVK_1GB/RELEASE_GCC5/AARCH64/MdePkg/Library/UefiRuntimeServicesTableLib/UefiRuntimeServicesTableLib/OUTPUT/UefiRuntimeServicesTableLib.lib
/home/uwe/git/ms/iot_core_tx8mmini/mu_platform_nxp/Build/TX8M_MINI_EVK_1GB/RELEASE_GCC5/AARCH64/MdePkg/Library/UefiDevicePathLib/UefiDevicePathLib/OUTPUT/UefiDevicePathLib.lib
/home/uwe/git/ms/iot_core_tx8mmini/mu_platform_nxp/Build/TX8M_MINI_EVK_1GB/RELEASE_GCC5/AARCH64/MdePkg/Library/UefiLib/UefiLib/OUTPUT/UefiLib.lib
/home/uwe/git/ms/iot_core_tx8mmini/mu_platform_nxp/Build/TX8M_MINI_EVK_1GB/RELEASE_GCC5/AARCH64/MdeModulePkg/Library/UefiHiiServicesLib/UefiHiiServicesLib/OUTPUT/UefiHiiServicesLib.lib
/home/uwe/git/ms/iot_core_tx8mmini/mu_platform_nxp/Build/TX8M_MINI_EVK_1GB/RELEASE_GCC5/AARCH64/MdePkg/Library/DxeHobLib/DxeHobLib/OUTPUT/DxeHobLib.lib
/home/uwe/git/ms/iot_core_tx8mmini/mu_platform_nxp/Build/TX8M_MINI_EVK_1GB/RELEASE_GCC5/AARCH64/MdeModulePkg/Library/UefiSortLib/UefiSortLib/OUTPUT/UefiSortLib.lib
/home/uwe/git/ms/iot_core_tx8mmini/mu_platform_nxp/Build/TX8M_MINI_EVK_1GB/RELEASE_GCC5/AARCH64/MdeModulePkg/Library/UefiHiiLib/UefiHiiLib/OUTPUT/UefiHiiLib.lib
/home/uwe/git/ms/iot_core_tx8mmini/mu_platform_nxp/Build/TX8M_MINI_EVK_1GB/RELEASE_GCC5/AARCH64/MdePkg/Library/DxeServicesLib/DxeServicesLib/OUTPUT/DxeServicesLib.lib
/home/uwe/git/ms/iot_core_tx8mmini/mu_platform_nxp/Build/TX8M_MINI_EVK_1GB/RELEASE_GCC5/AARCH64/MdePkg/Library/BasePeCoffGetEntryPointLib/BasePeCoffGetEntryPointLib/OUTPUT/BasePeCoffGetEntryPointLib.lib
/home/uwe/git/ms/iot_core_tx8mmini/mu_platform_nxp/Build/TX8M_MINI_EVK_1GB/RELEASE_GCC5/AARCH64/MdeModulePkg/Library/DxePerformanceLib/DxePerformanceLib/OUTPUT/DxePerformanceLib.lib
/home/uwe/git/ms/iot_core_tx8mmini/mu_platform_nxp/Build/TX8M_MINI_EVK_1GB/RELEASE_GCC5/AARCH64/MdePkg/Library/DxeServicesTableLib/DxeServicesTableLib/OUTPUT/DxeServicesTableLib.lib
/home/uwe/git/ms/iot_core_tx8mmini/mu_platform_nxp/Build/TX8M_MINI_EVK_1GB/RELEASE_GCC5/AARCH64/MdeModulePkg/Library/DxeReportStatusCodeLib/DxeReportStatusCodeLib/OUTPUT/DxeReportStatusCodeLib.lib
/home/uwe/git/ms/iot_core_tx8mmini/mu_platform_nxp/Build/TX8M_MINI_EVK_1GB/RELEASE_GCC5/AARCH64/iMXPlatformPkg/Library/DeviceBootManagerLib/DeviceBootManagerLib/OUTPUT/DeviceBootManagerLib.lib
/home/uwe/git/ms/iot_core_tx8mmini/mu_platform_nxp/Build/TX8M_MINI_EVK_1GB/RELEASE_GCC5/AARCH64/MdeModulePkg/Library/DxeCapsuleLibNull/DxeCapsuleLibNull/OUTPUT/DxeCapsuleLibNull.lib
/home/uwe/git/ms/iot_core_tx8mmini/mu_platform_nxp/Build/TX8M_MINI_EVK_1GB/RELEASE_GCC5/AARCH64/MdeModulePkg/Library/UefiBootManagerLib/UefiBootManagerLib/OUTPUT/UefiBootManagerLib.lib
/home/uwe/git/ms/iot_core_tx8mmini/mu_platform_nxp/Build/TX8M_MINI_EVK_1GB/RELEASE_GCC5/AARCH64/MdePkg/Library/UefiDriverEntryPoint/UefiDriverEntryPoint/OUTPUT/UefiDriverEntryPoint.lib
/home/uwe/git/ms/iot_core_tx8mmini/mu_platform_nxp/Build/TX8M_MINI_EVK_1GB/RELEASE_GCC5/AARCH64/MsCorePkg/Library/PlatformBootManagerLib/PlatformBootManagerLib/OUTPUT/PlatformBootManagerLib.lib
/home/uwe/git/ms/iot_core_tx8mmini/mu_platform_nxp/Build/TX8M_MINI_EVK_1GB/RELEASE_GCC5/AARCH64/ArmPkg/Library/CompilerIntrinsicsLib/CompilerIntrinsicsLib/OUTPUT/CompilerIntrinsicsLib.lib
/home/uwe/git/ms/iot_core_tx8mmini/mu_platform_nxp/Build/TX8M_MINI_EVK_1GB/RELEASE_GCC5/AARCH64/MdePkg/Library/BaseStackCheckLib/BaseStackCheckLib/OUTPUT/BaseStackCheckLib.lib
/home/uwe/git/ms/iot_core_tx8mmini/mu_platform_nxp/Build/TX8M_MINI_EVK_1GB/RELEASE_GCC5/AARCH64/MdeModulePkg/Universal/BdsDxe/BdsDxe/OUTPUT/BdsDxe.lib